#! /usr/bin/vvp
:ivl_version "10.3 (stable)";
:ivl_delay_selection "TYPICAL";
:vpi_time_precision + 0;
:vpi_module "system";
:vpi_module "vhdl_sys";
:vpi_module "v2005_math";
:vpi_module "va_math";
S_0x56025497ecf0 .scope module, "testbench" "testbench" 2 43;
 .timescale 0 0;
v0x5602549a7260_0 .var "A", 0 0;
v0x5602549a7320_0 .var "B", 0 0;
v0x5602549a7430_0 .var "Cin", 0 0;
v0x5602549a7520_0 .net "Cout", 0 0, L_0x5602549a7ab0;  1 drivers
v0x5602549a75c0_0 .net "S", 0 0, L_0x5602549a7b60;  1 drivers
S_0x560254957030 .scope module, "a" "full_adder" 2 48, 2 15 0, S_0x56025497ecf0;
 .timescale 0 0;
    .port_info 0 /INPUT 1 "in1"
    .port_info 1 /INPUT 1 "in2"
    .port_info 2 /INPUT 1 "carryIn"
    .port_info 3 /OUTPUT 1 "sum"
    .port_info 4 /OUTPUT 1 "carryOut"
L_0x5602549a7ab0 .functor OR 1, L_0x5602549a7990, L_0x5602549a7720, C4<0>, C4<0>;
L_0x5602549a7b60 .functor BUFZ 1, L_0x5602549a7870, C4<0>, C4<0>, C4<0>;
v0x5602549a6b10_0 .net "InputCarry", 0 0, L_0x5602549a7720;  1 drivers
v0x5602549a6bd0_0 .net "InputSum", 0 0, L_0x5602549a76b0;  1 drivers
v0x5602549a6cc0_0 .net "carryIn", 0 0, v0x5602549a7430_0;  1 drivers
v0x5602549a6d90_0 .net "carryOut", 0 0, L_0x5602549a7ab0;  alias, 1 drivers
v0x5602549a6e30_0 .net "finalCarry", 0 0, L_0x5602549a7990;  1 drivers
v0x5602549a6f20_0 .net "finalSum", 0 0, L_0x5602549a7870;  1 drivers
v0x5602549a6ff0_0 .net "in1", 0 0, v0x5602549a7260_0;  1 drivers
v0x5602549a70c0_0 .net "in2", 0 0, v0x5602549a7320_0;  1 drivers
v0x5602549a7190_0 .net "sum", 0 0, L_0x5602549a7b60;  alias, 1 drivers
S_0x560254957200 .scope module, "a" "half_adder" 2 27, 2 1 0, S_0x560254957030;
 .timescale 0 0;
    .port_info 0 /INPUT 1 "in1"
    .port_info 1 /INPUT 1 "in2"
    .port_info 2 /OUTPUT 1 "sum"
    .port_info 3 /OUTPUT 1 "carry"
L_0x5602549a76b0 .functor XOR 1, v0x5602549a7260_0, v0x5602549a7320_0, C4<0>, C4<0>;
L_0x5602549a7720 .functor AND 1, v0x5602549a7260_0, v0x5602549a7320_0, C4<1>, C4<1>;
v0x56025498ec80_0 .net "carry", 0 0, L_0x5602549a7720;  alias, 1 drivers
v0x5602549a6290_0 .net "in1", 0 0, v0x5602549a7260_0;  alias, 1 drivers
v0x5602549a6350_0 .net "in2", 0 0, v0x5602549a7320_0;  alias, 1 drivers
v0x5602549a63f0_0 .net "sum", 0 0, L_0x5602549a76b0;  alias, 1 drivers
S_0x5602549a6530 .scope module, "b" "half_adder" 2 28, 2 1 0, S_0x560254957030;
 .timescale 0 0;
    .port_info 0 /INPUT 1 "in1"
    .port_info 1 /INPUT 1 "in2"
    .port_info 2 /OUTPUT 1 "sum"
    .port_info 3 /OUTPUT 1 "carry"
L_0x5602549a7870 .functor XOR 1, L_0x5602549a76b0, v0x5602549a7430_0, C4<0>, C4<0>;
L_0x5602549a7990 .functor AND 1, L_0x5602549a76b0, v0x5602549a7430_0, C4<1>, C4<1>;
v0x5602549a6790_0 .net "carry", 0 0, L_0x5602549a7990;  alias, 1 drivers
v0x5602549a6850_0 .net "in1", 0 0, L_0x5602549a76b0;  alias, 1 drivers
v0x5602549a6910_0 .net "in2", 0 0, v0x5602549a7430_0;  alias, 1 drivers
v0x5602549a69e0_0 .net "sum", 0 0, L_0x5602549a7870;  alias, 1 drivers
    .scope S_0x56025497ecf0;
T_0 ;
    %pushi/vec4 0, 0, 1;
    %store/vec4 v0x5602549a7260_0, 0, 1;
    %pushi/vec4 0, 0, 1;
    %store/vec4 v0x5602549a7320_0, 0, 1;
    %pushi/vec4 0, 0, 1;
    %store/vec4 v0x5602549a7430_0, 0, 1;
    %delay 10, 0;
    %pushi/vec4 0, 0, 1;
    %store/vec4 v0x5602549a7260_0, 0, 1;
    %pushi/vec4 0, 0, 1;
    %store/vec4 v0x5602549a7320_0, 0, 1;
    %pushi/vec4 0, 0, 1;
    %store/vec4 v0x5602549a7430_0, 0, 1;
    %delay 10, 0;
    %pushi/vec4 0, 0, 1;
    %store/vec4 v0x5602549a7260_0, 0, 1;
    %pushi/vec4 0, 0, 1;
    %store/vec4 v0x5602549a7320_0, 0, 1;
    %pushi/vec4 1, 0, 1;
    %store/vec4 v0x5602549a7430_0, 0, 1;
    %delay 10, 0;
    %pushi/vec4 0, 0, 1;
    %store/vec4 v0x5602549a7260_0, 0, 1;
    %pushi/vec4 1, 0, 1;
    %store/vec4 v0x5602549a7320_0, 0, 1;
    %pushi/vec4 0, 0, 1;
    %store/vec4 v0x5602549a7430_0, 0, 1;
    %delay 10, 0;
    %pushi/vec4 0, 0, 1;
    %store/vec4 v0x5602549a7260_0, 0, 1;
    %pushi/vec4 1, 0, 1;
    %store/vec4 v0x5602549a7320_0, 0, 1;
    %pushi/vec4 1, 0, 1;
    %store/vec4 v0x5602549a7430_0, 0, 1;
    %delay 10, 0;
    %pushi/vec4 1, 0, 1;
    %store/vec4 v0x5602549a7260_0, 0, 1;
    %pushi/vec4 0, 0, 1;
    %store/vec4 v0x5602549a7320_0, 0, 1;
    %pushi/vec4 0, 0, 1;
    %store/vec4 v0x5602549a7430_0, 0, 1;
    %delay 10, 0;
    %pushi/vec4 1, 0, 1;
    %store/vec4 v0x5602549a7260_0, 0, 1;
    %pushi/vec4 0, 0, 1;
    %store/vec4 v0x5602549a7320_0, 0, 1;
    %pushi/vec4 1, 0, 1;
    %store/vec4 v0x5602549a7430_0, 0, 1;
    %delay 10, 0;
    %pushi/vec4 1, 0, 1;
    %store/vec4 v0x5602549a7260_0, 0, 1;
    %pushi/vec4 1, 0, 1;
    %store/vec4 v0x5602549a7320_0, 0, 1;
    %pushi/vec4 0, 0, 1;
    %store/vec4 v0x5602549a7430_0, 0, 1;
    %delay 10, 0;
    %pushi/vec4 1, 0, 1;
    %store/vec4 v0x5602549a7260_0, 0, 1;
    %pushi/vec4 1, 0, 1;
    %store/vec4 v0x5602549a7320_0, 0, 1;
    %pushi/vec4 1, 0, 1;
    %store/vec4 v0x5602549a7430_0, 0, 1;
    %end;
    .thread T_0;
    .scope S_0x56025497ecf0;
T_1 ;
    %vpi_call 2 97 "$monitor", "A = %d, B = %d, Cin = %d ,S = %d, Cout = %d", v0x5602549a7260_0, v0x5602549a7320_0, v0x5602549a7430_0, v0x5602549a75c0_0, v0x5602549a7520_0 {0 0 0};
    %end;
    .thread T_1;
# The file index is used to find the file name in the following table.
:file_names 3;
    "N/A";
    "<interactive>";
    "Adder.v";
